Build started 11/23/2015 8:56:44 PM.
     1>Project "C:\Users\ThreeD\Documents\Visual Studio 2013\Projects\OPENCV\OPENCV\OPENCV.vcxproj" on node 2 (Build target(s)).
     1>ClCompile:
         C:\Program Files (x86)\Microsoft Visual Studio 12.0\VC\bin\CL.exe /c /ZI /nologo /W3 /WX- /Od /Oy- /D WIN32 /D _DEBUG /D _CONSOLE /D _LIB /D _UNICODE /D UNICODE /Gm /EHsc /RTC1 /MDd /GS /fp:precise /Zc:wchar_t /Zc:forScope /Fo"Debug\\" /Fd"Debug\vc120.pdb" /Gd /TP /analyze- /errorReport:prompt CostFunction.cpp de36.cpp HistogramDEModelOneFrame.cpp
         HistogramDEModelOneFrame.cpp
     1>c:\users\threed\documents\visual studio 2013\projects\opencv\opencv\histogramdemodeloneframe.cpp(207): warning C4018: '<' : signed/unsigned mismatch
         de36.cpp
     1>c:\users\threed\documents\visual studio 2013\projects\opencv\opencv\de36.cpp(27): warning C4067: unexpected tokens following preprocessor directive - expected a newline
     1>c:\users\threed\documents\visual studio 2013\projects\opencv\opencv\de36.cpp(89): warning C4018: '<' : signed/unsigned mismatch
     1>c:\users\threed\documents\visual studio 2013\projects\opencv\opencv\de36.cpp(103): warning C4018: '<' : signed/unsigned mismatch
     1>c:\users\threed\documents\visual studio 2013\projects\opencv\opencv\de36.cpp(105): warning C4018: '<' : signed/unsigned mismatch
     1>c:\users\threed\documents\visual studio 2013\projects\opencv\opencv\de36.cpp(288): warning C4018: '<' : signed/unsigned mismatch
     1>c:\users\threed\documents\visual studio 2013\projects\opencv\opencv\de36.cpp(359): warning C4018: '<' : signed/unsigned mismatch
     1>c:\users\threed\documents\visual studio 2013\projects\opencv\opencv\de36.cpp(360): warning C4018: '<' : signed/unsigned mismatch
         CostFunction.cpp
     1>c:\users\threed\documents\visual studio 2013\projects\opencv\opencv\costfunction.cpp(27): warning C4244: 'argument' : conversion from 'double' to 'int', possible loss of data
         Generating Code...
       Link:
         C:\Program Files (x86)\Microsoft Visual Studio 12.0\VC\bin\link.exe /ERRORREPORT:PROMPT /OUT:"C:\Users\ThreeD\Documents\Visual Studio 2013\Projects\OPENCV\Debug\OPENCV.exe" /INCREMENTAL /NOLOGO /LIBPATH:C:\opencv\build\x86\vc12\lib opencv_calib3d248d.lib opencv_contrib248d.lib opencv_core248d.lib opencv_features2d248d.lib opencv_flann248d.lib opencv_gpu248d.lib opencv_highgui248d.lib opencv_imgproc248d.lib opencv_legacy248d.lib opencv_ml248d.lib opencv_nonfree248d.lib opencv_objdetect248d.lib opencv_ocl248d.lib opencv_photo248d.lib opencv_stitching248d.lib opencv_superres248d.lib opencv_ts248d.lib opencv_video248d.lib opencv_videostab248d.lib kernel32.lib user32.lib gdi32.lib winspool.lib comdlg32.lib advapi32.lib shell32.lib ole32.lib oleaut32.lib uuid.lib odbc32.lib odbccp32.lib /MANIFEST /MANIFESTUAC:"level='asInvoker' uiAccess='false'" /manifest:embed /DEBUG /PDB:"C:\Users\ThreeD\Documents\Visual Studio 2013\Projects\OPENCV\Debug\OPENCV.pdb" /SUBSYSTEM:CONSOLE /TLBID:1 /DYNAMICBASE /NXCOMPAT /IMPLIB:"C:\Users\ThreeD\Documents\Visual Studio 2013\Projects\OPENCV\Debug\OPENCV.lib" /MACHINE:X86 Debug\CostFunction.obj
         Debug\de36.obj
         Debug\HistogramDEModelOneFrame.obj
     1>LINK : fatal error LNK1104: cannot open file 'opencv_calib3d248d.lib'
     1>Done Building Project "C:\Users\ThreeD\Documents\Visual Studio 2013\Projects\OPENCV\OPENCV\OPENCV.vcxproj" (Build target(s)) -- FAILED.

Build FAILED.

Time Elapsed 00:00:05.27
